Write in one or more topics for each question using the following topics: Variables, Conditionals, For Loops, While Loops, Array, Function, and Class. If you get any error messages, copy and paste up to three of them in the boxes below.

#1 Topic:_____
(Choose one or more: Variables, Conditionals, For Loops, While Loops, Array, Function, and Class)

Error Messages:
Traceback (most recent call last):
  File "assesstment_08_30.py", line 14, in <module>
    userInput("Enter the year were you born in : ")
NameError: name 'userInput' is not defined




#2 Topic: _____
(Choose one or more: Variables, Conditionals, For Loops, While Loops, Array, Function, and Class)

Error Messages:



#3 Topic: _____
(Choose one or more: Variables, Conditionals, For Loops, While Loops, Array, Function, and Class)

Error Messages:



#4 Topic: _____
(Choose one or more: Variables, Conditionals, For Loops, While Loops, Array, Function, and Class)

Error Messages:



#5 Topic: _____
(Choose one or more: Variables, Conditionals, For Loops, While Loops, Array, Function, and Class)

Error Messages:



#6 Topic: _____
(Choose one or more: Variables, Conditionals, For Loops, While Loops, Array, Function, and Class)

Error Messages:
Traceback (most recent call last):
  File "assesstment_08_30.py", line 71, in <module>
    nameFunc(fname)
NameError: name 'fname' is not defined



#7 Topic: _____
(Choose one or more: Variables, Conditionals, For Loops, While Loops, Array, Function, and Class)

Error Messages:



#8 Topic: _____
(Choose one or more: Variables, Conditionals, For Loops, While Loops, Array, Function, and Class)

Error Messages:



#9 Topic: _____
(Choose one or more: Variables, Conditionals, For Loops, While Loops, Array, Function, and Class)

Error Messages:



#10 Topic: _____
(Choose one or more: Variables, Conditionals, For Loops, While Loops, Array, Function, and Class)

Error Messages:


